Using pre-set license
Built from '2020.3/staging' branch; Version is '2020.3.22f1 (e1a7f79fd887) revision 14788599'; Using compiler version '192528614'; Build Type 'Release'
OS: 'Windows 10 Home; OS build 19043.1348; Version 2009; 64bit' Language: 'en' Physical Memory: 32678 MB
BatchMode: 1, IsHumanControllingUs: 0, StartBugReporterOnCrash: 0, Is64bit: 1, IsPro: 0

COMMAND LINE ARGUMENTS:
E:\Program Files (x86)\Unity Versions\2020.3.22f1\Editor\Unity.exe
-adb2
-batchMode
-noUpm
-name
AssetImportWorker0
-projectPath
E:/Users/Alexander K Young/Unity Projects/Legend of Zelda Remake
-logFile
Logs/AssetImportWorker0.log
-srvPort
50162
Successfully changed project path to: E:/Users/Alexander K Young/Unity Projects/Legend of Zelda Remake
E:/Users/Alexander K Young/Unity Projects/Legend of Zelda Remake
Using Asset Import Pipeline V2.
Refreshing native plugins compatible for Editor in 35.34 ms, found 3 plugins.
Preloading 0 native plugins for Editor in 0.00 ms.
Initialize engine version: 2020.3.22f1 (e1a7f79fd887)
[Subsystems] Discovering subsystems at path E:/Program Files (x86)/Unity Versions/2020.3.22f1/Editor/Data/Resources/UnitySubsystems
[Subsystems] Discovering subsystems at path E:/Users/Alexander K Young/Unity Projects/Legend of Zelda Remake/Assets
GfxDevice: creating device client; threaded=0
Direct3D:
    Version:  Direct3D 11.0 [level 11.1]
    Renderer: NVIDIA GeForce RTX 3080 (ID=0x2216)
    Vendor:   
    VRAM:     10077 MB
    Driver:   30.0.14.9649
Initialize mono
Mono path[0] = 'E:/Program Files (x86)/Unity Versions/2020.3.22f1/Editor/Data/Managed'
Mono path[1] = 'E:/Program Files (x86)/Unity Versions/2020.3.22f1/Editor/Data/MonoBleedingEdge/lib/mono/unityjit'
Mono config path = 'E:/Program Files (x86)/Unity Versions/2020.3.22f1/Editor/Data/MonoBleedingEdge/etc'
Using monoOptions --debugger-agent=transport=dt_socket,embedding=1,server=y,suspend=n,address=127.0.0.1:56260
Begin MonoManager ReloadAssembly
Registering precompiled unity dll's ...
Register platform support module: E:/Program Files (x86)/Unity Versions/2020.3.22f1/Editor/Data/PlaybackEngines/WindowsStandaloneSupport/UnityEditor.WindowsStandalone.Extensions.dll
Registered in 0.002861 seconds.
Native extension for WindowsStandalone target not found
Refreshing native plugins compatible for Editor in 31.19 ms, found 3 plugins.
Preloading 0 native plugins for Editor in 0.00 ms.
Mono: successfully reloaded assembly
- Completed reload, in  0.961 seconds
Domain Reload Profiling:
	ReloadAssembly (961ms)
		BeginReloadAssembly (49ms)
			ExecutionOrderSort (0ms)
			DisableScriptedObjects (0ms)
			BackupInstance (0ms)
			ReleaseScriptingObjects (0ms)
			CreateAndSetChildDomain (1ms)
		EndReloadAssembly (304ms)
			LoadAssemblies (46ms)
			RebuildTransferFunctionScriptingTraits (0ms)
			SetupTypeCache (94ms)
			ReleaseScriptCaches (0ms)
			RebuildScriptCaches (18ms)
			SetupLoadedEditorAssemblies (119ms)
				LogAssemblyErrors (0ms)
				InitializePlatformSupportModulesInManaged (3ms)
				SetLoadedEditorAssemblies (0ms)
				RefreshPlugins (31ms)
				BeforeProcessingInitializeOnLoad (9ms)
				ProcessInitializeOnLoadAttributes (57ms)
				ProcessInitializeOnLoadMethodAttributes (19ms)
				AfterProcessingInitializeOnLoad (0ms)
				EditorAssembliesLoaded (0ms)
			ExecutionOrderSort2 (0ms)
			AwakeInstancesAfterBackupRestoration (0ms)
Platform modules already initialized, skipping
Registering precompiled user dll's ...
Registered in 0.005725 seconds.
Begin MonoManager ReloadAssembly
Native extension for WindowsStandalone target not found
Refreshing native plugins compatible for Editor in 32.60 ms, found 3 plugins.
Preloading 0 native plugins for Editor in 0.00 ms.
Mono: successfully reloaded assembly
- Completed reload, in  0.813 seconds
Domain Reload Profiling:
	ReloadAssembly (814ms)
		BeginReloadAssembly (105ms)
			ExecutionOrderSort (0ms)
			DisableScriptedObjects (3ms)
			BackupInstance (0ms)
			ReleaseScriptingObjects (0ms)
			CreateAndSetChildDomain (14ms)
		EndReloadAssembly (658ms)
			LoadAssemblies (81ms)
			RebuildTransferFunctionScriptingTraits (0ms)
			SetupTypeCache (192ms)
			ReleaseScriptCaches (0ms)
			RebuildScriptCaches (30ms)
			SetupLoadedEditorAssemblies (278ms)
				LogAssemblyErrors (0ms)
				InitializePlatformSupportModulesInManaged (3ms)
				SetLoadedEditorAssemblies (0ms)
				RefreshPlugins (33ms)
				BeforeProcessingInitializeOnLoad (74ms)
				ProcessInitializeOnLoadAttributes (145ms)
				ProcessInitializeOnLoadMethodAttributes (13ms)
				AfterProcessingInitializeOnLoad (10ms)
				EditorAssembliesLoaded (0ms)
			ExecutionOrderSort2 (0ms)
			AwakeInstancesAfterBackupRestoration (5ms)
Platform modules already initialized, skipping
========================================================================
Worker process is ready to serve import requests
Launched and connected shader compiler UnityShaderCompiler.exe after 0.06 seconds
Refreshing native plugins compatible for Editor in 0.49 ms, found 3 plugins.
Preloading 0 native plugins for Editor in 0.00 ms.
Unloading 2192 Unused Serialized files (Serialized files now loaded: 0)
System memory in use before: 95.7 MB.
System memory in use after: 95.8 MB.

Unloading 29 unused Assets to reduce memory usage. Loaded Objects now: 2630.
Total: 2.871000 ms (FindLiveObjects: 0.178200 ms CreateObjectMapping: 0.067600 ms MarkObjects: 2.567400 ms  DeleteObjects: 0.057200 ms)

AssetImportParameters requested are different than current active one (requested -> active):
  custom:framework-win-MediaFoundation: 216162199b28c13a410421893ffa2e32 -> 
  custom:video-decoder-ogg-theora: a1e56fd34408186e4bbccfd4996cb3dc -> 
  custom:container-muxer-webm: aa71ff27fc2769a1b78a27578f13a17b -> 
  custom:container-demuxer-webm: 4f35f7cbe854078d1ac9338744f61a02 -> 
  custom:container-demuxer-ogg: 62fdf1f143b41e24485cea50d1cbac27 -> 
  custom:video-encoder-webm-vp8: eb34c28f22e8b96e1ab97ce403110664 -> 
  custom:video-decoder-webm-vp8: 9c59270c3fd7afecdb556c50c9e8de78 -> 
  custom:audio-decoder-ogg-vorbis: bf7c407c2cedff20999df2af8eb42d56 -> 
  custom:audio-encoder-webm-vorbis: bf7c407c2cedff20999df2af8eb42d56 -> 
========================================================================
Received Import Request.
  path: Assets/Scripts/EnemyFactory.cs
  artifactKey: Guid(99955d43db86a9646ac7b12ae5d8849b) Importer(815301076,1909f56bfc062723c751e8b465ee728b)
Start importing Assets/Scripts/EnemyFactory.cs using Guid(99955d43db86a9646ac7b12ae5d8849b) Importer(815301076,1909f56bfc062723c751e8b465ee728b)  -> (artifact id: '94e996b639c3473663117e91f1dc2935') in 0.024067 seconds 
  Import took 0.035501 seconds .

========================================================================
Received Import Request.
  Time since last request: 27.084907 seconds.
  path: Assets/Link idle-Sheet.png
  artifactKey: Guid(f19def0bb80859942970cc246c0bbd90) Importer(815301076,1909f56bfc062723c751e8b465ee728b)
Start importing Assets/Link idle-Sheet.png using Guid(f19def0bb80859942970cc246c0bbd90) Importer(815301076,1909f56bfc062723c751e8b465ee728b)  -> (artifact id: '516ca762ac63076145d00c55f8badaa7') in 0.058697 seconds 
  Import took 0.061302 seconds .

========================================================================
Received Import Request.
  Time since last request: 20.511597 seconds.
  path: Assets/Tests/PlayMode/PlayMode.asmdef
  artifactKey: Guid(7e9d005ea2eabe948807b8dd67d40ee1) Importer(815301076,1909f56bfc062723c751e8b465ee728b)
Start importing Assets/Tests/PlayMode/PlayMode.asmdef using Guid(7e9d005ea2eabe948807b8dd67d40ee1) Importer(815301076,1909f56bfc062723c751e8b465ee728b)  -> (artifact id: '021e6f1066b1b8921763fbd779904ce2') in 0.008138 seconds 
  Import took 0.010770 seconds .

========================================================================
Received Import Request.
  Time since last request: 235.870984 seconds.
  path: Assets/Scripts/Scripts.asmdef
  artifactKey: Guid(9ccf3cbb51de334498c4b6421ab0a42c) Importer(815301076,1909f56bfc062723c751e8b465ee728b)
Start importing Assets/Scripts/Scripts.asmdef using Guid(9ccf3cbb51de334498c4b6421ab0a42c) Importer(815301076,1909f56bfc062723c751e8b465ee728b)  -> (artifact id: 'bf1e063bdd3c6a689d883683f09f286b') in 0.019036 seconds 
  Import took 0.021669 seconds .

AssetImportWorkerClient::OnTransportError - code=2 error=End of file
